Cocos2d: 
<dict>
	cocos2d.x.version: quick-cocos2d-x 2.2.4
	cocos2d.x.compiled_with_profiler: false
	cocos2d.x.compiled_with_gl_state_cache: true
	gl.vendor: Intel Inc.
	gl.renderer: Intel Iris Pro OpenGL Engine
	gl.version: 2.1 INTEL-8.24.11
	gl.max_texture_size: 16384
	gl.max_texture_units: 16
	gl.supports_PVRTC: false
	gl.supports_NPOT: true
	gl.supports_BGRA8888: false
	gl.supports_discard_framebuffer: false
	gl.supports_vertex_array_object: true
</dict>
Cocos2d: lua_loadChunksFromZIP() - load zip file: /Users/youyou/Desktop/workspace/project/dlql/quick-cocos2d-x/lib/framework_precompiled/framework_precompiled.zip
Cocos2d: lua_loadChunksFromZIP() - loaded chunks count: 108
Cocos2d: ------------------------------------------------
Cocos2d: LOAD LUA FILE: /Users/youyou/Desktop/workspace/project/dlql/dlql/scripts/main.lua
Cocos2d: ------------------------------------------------
Cocos2d: [0.0208] [INFO] 
Cocos2d: [0.0208] [INFO] # DEBUG                        = 1
Cocos2d: [0.0208] [INFO] #
Cocos2d: [0.0209] [INFO] # device.platform              = mac
Cocos2d: [0.0209] [INFO] # device.model                 = unknown
Cocos2d: [0.0209] [INFO] # device.language              = cn
Cocos2d: [0.0209] [INFO] # device.writablePath          = /Users/youyou/Desktop/workspace/project/dlql/dlql/
Cocos2d: [0.0209] [INFO] # device.cachePath             = /Users/youyou/Desktop/workspace/project/dlql/dlql/
Cocos2d: [0.0209] [INFO] # device.directorySeparator    = /
Cocos2d: [0.0209] [INFO] # device.pathSeparator         = :
Cocos2d: [0.0209] [INFO] #
Cocos2d: [0.0218] [INFO] # CONFIG_SCREEN_AUTOSCALE      = FIXED_WIDTH
Cocos2d: [0.0218] [INFO] # CONFIG_SCREEN_WIDTH          = 640.00
Cocos2d: [0.0218] [INFO] # CONFIG_SCREEN_HEIGHT         = 426.67
Cocos2d: [0.0218] [INFO] # display.widthInPixels        = 960.00
Cocos2d: [0.0218] [INFO] # display.heightInPixels       = 640.00
Cocos2d: [0.0218] [INFO] # display.contentScaleFactor   = 1.50
Cocos2d: [0.0218] [INFO] # display.width                = 640.00
Cocos2d: [0.0218] [INFO] # display.height               = 426.67
Cocos2d: [0.0218] [INFO] # display.cx                   = 320.00
Cocos2d: [0.0218] [INFO] # display.cy                   = 213.33
Cocos2d: [0.0218] [INFO] # display.left                 = 0.00
Cocos2d: [0.0218] [INFO] # display.right                = 640.00
Cocos2d: [0.0218] [INFO] # display.top                  = 426.67
Cocos2d: [0.0218] [INFO] # display.bottom               = 0.00
Cocos2d: [0.0218] [INFO] # display.c_left               = -320.00
Cocos2d: [0.0218] [INFO] # display.c_right              = 320.00
Cocos2d: [0.0218] [INFO] # display.c_top                = 213.33
Cocos2d: [0.0218] [INFO] # display.c_bottom             = -213.33
Cocos2d: [0.0218] [INFO] #
